2024-11-19T05:56:51.529Z [error]: unhandledRejection: Cannot read properties of undefined (reading '_id')
TypeError: Cannot read properties of undefined (reading '_id')
    at _callee$ (D:/node-js/airoshotblast.in-admin/src/middleware/checkPermission.js:10:36)
    at tryCatch (D:\node-js\airoshotblast.in-admin\node_modules\regenerator-runtime\runtime.js:65:40)
    at Generator.invoke [as _invoke] (D:\node-js\airoshotblast.in-admin\node_modules\regenerator-runtime\runtime.js:303:22)
    at Generator.prototype.<computed> [as next] (D:\node-js\airoshotblast.in-admin\node_modules\regenerator-runtime\runtime.js:117:21)
    at step (D:\node-js\airoshotblast.in-admin\src\middleware\checkPermission.js:3:191)
    at D:\node-js\airoshotblast.in-admin\src\middleware\checkPermission.js:3:437
    at new Promise (<anonymous>)
    at D:\node-js\airoshotblast.in-admin\src\middleware\checkPermission.js:3:99
    at D:/node-js/airoshotblast.in-admin/src/middleware/checkPermission.js:6:5
    at Layer.handle [as handle_request] (D:\node-js\airoshotblast.in-admin\node_modules\express\lib\router\layer.js:95:5)
    at next (D:\node-js\airoshotblast.in-admin\node_modules\express\lib\router\route.js:144:13)
    at auth (D:/node-js/airoshotblast.in-admin/src/middleware/auth.js:20:9)
    at Layer.handle [as handle_request] (D:\node-js\airoshotblast.in-admin\node_modules\express\lib\router\layer.js:95:5)
    at next (D:\node-js\airoshotblast.in-admin\node_modules\express\lib\router\route.js:144:13)
    at cookieParser (D:\node-js\airoshotblast.in-admin\node_modules\cookie-parser\index.js:57:14)
    at Layer.handle [as handle_request] (D:\node-js\airoshotblast.in-admin\node_modules\express\lib\router\layer.js:95:5)
2024-11-20T08:15:05.128Z [error]: unhandledRejection: Cannot set headers after they are sent to the client
Error [ERR_HTTP_HEADERS_SENT]: Cannot set headers after they are sent to the client
    at ServerResponse.setHeader (node:_http_outgoing:703:11)
    at ServerResponse.header (D:\node-js\airoshotblast.in-admin\node_modules\express\lib\response.js:794:10)
    at ServerResponse.location (D:\node-js\airoshotblast.in-admin\node_modules\express\lib\response.js:915:15)
    at ServerResponse.redirect (D:\node-js\airoshotblast.in-admin\node_modules\express\lib\response.js:953:18)
    at D:/node-js/airoshotblast.in-admin/src/controllers/admin/blog.controller.js:127:21
    at processTicksAndRejections (node:internal/process/task_queues:95:5)
2024-11-26T06:07:09.581Z [error]: unhandledRejection: text index required for $text query
MongoError: text index required for $text query
    at MessageStream.messageHandler (D:\node-js\airoshotblast.in-admin\node_modules\mongodb\lib\cmap\connection.js:299:20)
    at MessageStream.emit (node:events:519:28)
    at processIncomingData (D:\node-js\airoshotblast.in-admin\node_modules\mongodb\lib\cmap\message_stream.js:144:12)
    at MessageStream._write (D:\node-js\airoshotblast.in-admin\node_modules\mongodb\lib\cmap\message_stream.js:42:5)
    at writeOrBuffer (node:internal/streams/writable:564:12)
    at _write (node:internal/streams/writable:493:10)
    at MessageStream.Writable.write (node:internal/streams/writable:502:10)
    at Socket.ondata (node:internal/streams/readable:1007:22)
    at Socket.emit (node:events:519:28)
    at addChunk (node:internal/streams/readable:559:12)
    at readableAddChunkPushByteMode (node:internal/streams/readable:510:3)
    at Socket.Readable.push (node:internal/streams/readable:390:5)
    at TCP.onStreamRead (node:internal/stream_base_commons:190:23)
2024-11-26T06:09:03.547Z [error]: unhandledRejection: text index required for $text query
MongoError: text index required for $text query
    at MessageStream.messageHandler (D:\node-js\airoshotblast.in-admin\node_modules\mongodb\lib\cmap\connection.js:299:20)
    at MessageStream.emit (node:events:519:28)
    at processIncomingData (D:\node-js\airoshotblast.in-admin\node_modules\mongodb\lib\cmap\message_stream.js:144:12)
    at MessageStream._write (D:\node-js\airoshotblast.in-admin\node_modules\mongodb\lib\cmap\message_stream.js:42:5)
    at writeOrBuffer (node:internal/streams/writable:564:12)
    at _write (node:internal/streams/writable:493:10)
    at MessageStream.Writable.write (node:internal/streams/writable:502:10)
    at Socket.ondata (node:internal/streams/readable:1007:22)
    at Socket.emit (node:events:519:28)
    at addChunk (node:internal/streams/readable:559:12)
    at readableAddChunkPushByteMode (node:internal/streams/readable:510:3)
    at Socket.Readable.push (node:internal/streams/readable:390:5)
    at TCP.onStreamRead (node:internal/stream_base_commons:190:23)
2024-11-26T06:11:40.948Z [error]: unhandledRejection: text index required for $text query
MongoError: text index required for $text query
    at MessageStream.messageHandler (D:\node-js\airoshotblast.in-admin\node_modules\mongodb\lib\cmap\connection.js:299:20)
    at MessageStream.emit (node:events:519:28)
    at processIncomingData (D:\node-js\airoshotblast.in-admin\node_modules\mongodb\lib\cmap\message_stream.js:144:12)
    at MessageStream._write (D:\node-js\airoshotblast.in-admin\node_modules\mongodb\lib\cmap\message_stream.js:42:5)
    at writeOrBuffer (node:internal/streams/writable:564:12)
    at _write (node:internal/streams/writable:493:10)
    at MessageStream.Writable.write (node:internal/streams/writable:502:10)
    at Socket.ondata (node:internal/streams/readable:1007:22)
    at Socket.emit (node:events:519:28)
    at addChunk (node:internal/streams/readable:559:12)
    at readableAddChunkPushByteMode (node:internal/streams/readable:510:3)
    at Socket.Readable.push (node:internal/streams/readable:390:5)
    at TCP.onStreamRead (node:internal/stream_base_commons:190:23)
2024-11-26T06:14:06.681Z [error]: unhandledRejection: text index required for $text query
MongoError: text index required for $text query
    at MessageStream.messageHandler (D:\node-js\airoshotblast.in-admin\node_modules\mongodb\lib\cmap\connection.js:299:20)
    at MessageStream.emit (node:events:519:28)
    at processIncomingData (D:\node-js\airoshotblast.in-admin\node_modules\mongodb\lib\cmap\message_stream.js:144:12)
    at MessageStream._write (D:\node-js\airoshotblast.in-admin\node_modules\mongodb\lib\cmap\message_stream.js:42:5)
    at writeOrBuffer (node:internal/streams/writable:564:12)
    at _write (node:internal/streams/writable:493:10)
    at MessageStream.Writable.write (node:internal/streams/writable:502:10)
    at Socket.ondata (node:internal/streams/readable:1007:22)
    at Socket.emit (node:events:519:28)
    at addChunk (node:internal/streams/readable:559:12)
    at readableAddChunkPushByteMode (node:internal/streams/readable:510:3)
    at Socket.Readable.push (node:internal/streams/readable:390:5)
    at TCP.onStreamRead (node:internal/stream_base_commons:190:23)
2024-11-26T06:14:18.167Z [error]: unhandledRejection: text index required for $text query
MongoError: text index required for $text query
    at MessageStream.messageHandler (D:\node-js\airoshotblast.in-admin\node_modules\mongodb\lib\cmap\connection.js:299:20)
    at MessageStream.emit (node:events:519:28)
    at processIncomingData (D:\node-js\airoshotblast.in-admin\node_modules\mongodb\lib\cmap\message_stream.js:144:12)
    at MessageStream._write (D:\node-js\airoshotblast.in-admin\node_modules\mongodb\lib\cmap\message_stream.js:42:5)
    at writeOrBuffer (node:internal/streams/writable:564:12)
    at _write (node:internal/streams/writable:493:10)
    at MessageStream.Writable.write (node:internal/streams/writable:502:10)
    at Socket.ondata (node:internal/streams/readable:1007:22)
    at Socket.emit (node:events:519:28)
    at addChunk (node:internal/streams/readable:559:12)
    at readableAddChunkPushByteMode (node:internal/streams/readable:510:3)
    at Socket.Readable.push (node:internal/streams/readable:390:5)
    at TCP.onStreamRead (node:internal/stream_base_commons:190:23)
2024-12-04T09:24:45.285Z [error]: unhandledRejection: Cannot set headers after they are sent to the client
Error [ERR_HTTP_HEADERS_SENT]: Cannot set headers after they are sent to the client
    at ServerResponse.setHeader (node:_http_outgoing:703:11)
    at ServerResponse.header (D:\node-js\airoshotblast.in-admin\node_modules\express\lib\response.js:794:10)
    at ServerResponse.location (D:\node-js\airoshotblast.in-admin\node_modules\express\lib\response.js:915:15)
    at ServerResponse.redirect (D:\node-js\airoshotblast.in-admin\node_modules\express\lib\response.js:953:18)
    at D:/node-js/airoshotblast.in-admin/src/controllers/admin/product.controller.js:285:21
    at processTicksAndRejections (node:internal/process/task_queues:95:5)
2024-12-04T09:26:45.453Z [error]: unhandledRejection: Cannot set headers after they are sent to the client
Error [ERR_HTTP_HEADERS_SENT]: Cannot set headers after they are sent to the client
    at ServerResponse.setHeader (node:_http_outgoing:703:11)
    at ServerResponse.header (D:\node-js\airoshotblast.in-admin\node_modules\express\lib\response.js:794:10)
    at ServerResponse.location (D:\node-js\airoshotblast.in-admin\node_modules\express\lib\response.js:915:15)
    at ServerResponse.redirect (D:\node-js\airoshotblast.in-admin\node_modules\express\lib\response.js:953:18)
    at D:/node-js/airoshotblast.in-admin/src/controllers/admin/product.controller.js:285:21
    at processTicksAndRejections (node:internal/process/task_queues:95:5)
